2026-06-10 17:05:58,024 [INFO] __main__: ✅ База данных подключена
2026-06-10 17:06:00,040 [INFO] bot_logic: Admin sync complete
2026-06-10 17:06:00,048 [INFO] __main__: 🚀 Бот успешно запущен!
2026-06-10 17:07:36,641 [ERROR] __main__: 💥 Критическая ошибка при запуске: HTTPSConnectionPool(host='lp.vk.com', port=443): Max retries exceeded with url: /whp/238077609?act=a_check&key=eyJhbGciOiJFZERTQSIsInR5cCI6IkpXVCJ9.eyJxdWV1ZV9pZCI6IjIzODA3NzYwOSIsInVudGlsIjoxNzgxMTAzOTU5NjgxMDg1NTQ1fQ.EmmtpB4O0hXOm_--x_MCMiWV9Ajn1GSCS7eUpwrNXh-v7L0mhR5C-xcgkNxoAyIfK1GcdTlwN8IhlkrMe8lOCg&ts=3746&wait=25 (Caused by NameResolutionError("HTTPSConnection(host='lp.vk.com', port=443): Failed to resolve 'lp.vk.com' ([Errno 11001] getaddrinfo failed)"))
Traceback (most recent call last):
  File "C:\Users\andru\AppData\Roaming\Python\Python314\site-packages\urllib3\connectionpool.py", line 534, in _make_request
    response = conn.getresponse()
  File "C:\Users\andru\AppData\Roaming\Python\Python314\site-packages\urllib3\connection.py", line 571, in getresponse
    httplib_response = super().getresponse()
  File "C:\Python314\Lib\http\client.py", line 1459, in getresponse
    response.begin()
    ~~~~~~~~~~~~~~^^
  File "C:\Python314\Lib\http\client.py", line 336, in begin
    version, status, reason = self._read_status()
                              ~~~~~~~~~~~~~~~~~^^
  File "C:\Python314\Lib\http\client.py", line 297, in _read_status
    line = str(self.fp.readline(_MAXLINE + 1), "iso-8859-1")
               ~~~~~~~~~~~~~~~~^^^^^^^^^^^^^^
  File "C:\Python314\Lib\socket.py", line 729, in readinto
    return self._sock.recv_into(b)
           ~~~~~~~~~~~~~~~~~~~~^^^
  File "C:\Python314\Lib\ssl.py", line 1304, in recv_into
    return self.read(nbytes, buffer)
           ~~~~~~~~~^^^^^^^^^^^^^^^^
  File "C:\Python314\Lib\ssl.py", line 1138, in read
    return self._sslobj.read(len, buffer)
           ~~~~~~~~~~~~~~~~~^^^^^^^^^^^^^
TimeoutError: The read operation timed out

The above exception was the direct cause of the following exception:

Traceback (most recent call last):
  File "C:\Users\andru\AppData\Roaming\Python\Python314\site-packages\requests\adapters.py", line 696, in send
    resp = conn.urlopen(
        method=request.method,
    ...<9 lines>...
        chunked=chunked,
    )
  File "C:\Users\andru\AppData\Roaming\Python\Python314\site-packages\urllib3\connectionpool.py", line 842, in urlopen
    retries = retries.increment(
        method, url, error=new_e, _pool=self, _stacktrace=sys.exc_info()[2]
    )
  File "C:\Users\andru\AppData\Roaming\Python\Python314\site-packages\urllib3\util\retry.py", line 498, in increment
    raise reraise(type(error), error, _stacktrace)
          ~~~~~~~^^^^^^^^^^^^^^^^^^^^^^^^^^^^^^^^^
  File "C:\Users\andru\AppData\Roaming\Python\Python314\site-packages\urllib3\util\util.py", line 39, in reraise
    raise value
  File "C:\Users\andru\AppData\Roaming\Python\Python314\site-packages\urllib3\connectionpool.py", line 788, in urlopen
    response = self._make_request(
        conn,
    ...<10 lines>...
        **response_kw,
    )
  File "C:\Users\andru\AppData\Roaming\Python\Python314\site-packages\urllib3\connectionpool.py", line 536, in _make_request
    self._raise_timeout(err=e, url=url, timeout_value=read_timeout)
    ~~~~~~~~~~~~~~~~~~~^^^^^^^^^^^^^^^^^^^^^^^^^^^^^^^^^^^^^^^^^^^^
  File "C:\Users\andru\AppData\Roaming\Python\Python314\site-packages\urllib3\connectionpool.py", line 367, in _raise_timeout
    raise ReadTimeoutError(
        self, url, f"Read timed out. (read timeout={timeout_value})"
    ) from err
urllib3.exceptions.ReadTimeoutError: HTTPSConnectionPool(host='lp.vk.com', port=443): Read timed out. (read timeout=35)

During handling of the above exception, another exception occurred:

Traceback (most recent call last):
  File "C:\Users\andru\AppData\Roaming\Python\Python314\site-packages\pyvkbot\Bot.py", line 286, in start_polling
    for event in self.longpoll.listen():
                 ~~~~~~~~~~~~~~~~~~~~^^
  File "C:\Users\andru\AppData\Roaming\Python\Python314\site-packages\vk_api\bot_longpoll.py", line 286, in listen
    yield from self.check()
               ~~~~~~~~~~^^
  File "C:\Users\andru\AppData\Roaming\Python\Python314\site-packages\vk_api\bot_longpoll.py", line 255, in check
    response = self.session.get(
               ~~~~~~~~~~~~~~~~^
        self.url,
        ^^^^^^^^^
        params=values,
        ^^^^^^^^^^^^^^
        timeout=self.wait + 10
        ^^^^^^^^^^^^^^^^^^^^^^
    ).json()
    ^
  File "C:\Users\andru\AppData\Roaming\Python\Python314\site-packages\requests\sessions.py", line 671, in get
    return self.request("GET", url, params=params, **kwargs)
           ~~~~~~~~~~~~^^^^^^^^^^^^^^^^^^^^^^^^^^^^^^^^^^^^^
  File "C:\Users\andru\AppData\Roaming\Python\Python314\site-packages\requests\sessions.py", line 651, in request
    resp = self.send(prep, **send_kwargs)
  File "C:\Users\andru\AppData\Roaming\Python\Python314\site-packages\requests\sessions.py", line 784, in send
    r = adapter.send(request, **kwargs)
  File "C:\Users\andru\AppData\Roaming\Python\Python314\site-packages\requests\adapters.py", line 742, in send
    raise ReadTimeout(e, request=request)
requests.exceptions.ReadTimeout: HTTPSConnectionPool(host='lp.vk.com', port=443): Read timed out. (read timeout=35)

During handling of the above exception, another exception occurred:

Traceback (most recent call last):
  File "C:\Users\andru\AppData\Roaming\Python\Python314\site-packages\urllib3\connection.py", line 204, in _new_conn
    sock = connection.create_connection(
        (self._dns_host, self.port),
    ...<2 lines>...
        socket_options=self.socket_options,
    )
  File "C:\Users\andru\AppData\Roaming\Python\Python314\site-packages\urllib3\util\connection.py", line 60, in create_connection
    for res in socket.getaddrinfo(host, port, family, socket.SOCK_STREAM):
               ~~~~~~~~~~~~~~~~~~^^^^^^^^^^^^^^^^^^^^^^^^^^^^^^^^^^^^^^^^
  File "C:\Python314\Lib\socket.py", line 987, in getaddrinfo
    for res in _socket.getaddrinfo(host, port, family, type, proto, flags):
               ~~~~~~~~~~~~~~~~~~~^^^^^^^^^^^^^^^^^^^^^^^^^^^^^^^^^^^^^^^^
socket.gaierror: [Errno 11001] getaddrinfo failed

The above exception was the direct cause of the following exception:

Traceback (most recent call last):
  File "C:\Users\andru\AppData\Roaming\Python\Python314\site-packages\urllib3\connectionpool.py", line 788, in urlopen
    response = self._make_request(
        conn,
    ...<10 lines>...
        **response_kw,
    )
  File "C:\Users\andru\AppData\Roaming\Python\Python314\site-packages\urllib3\connectionpool.py", line 488, in _make_request
    raise new_e
  File "C:\Users\andru\AppData\Roaming\Python\Python314\site-packages\urllib3\connectionpool.py", line 464, in _make_request
    self._validate_conn(conn)
    ~~~~~~~~~~~~~~~~~~~^^^^^^
  File "C:\Users\andru\AppData\Roaming\Python\Python314\site-packages\urllib3\connectionpool.py", line 1106, in _validate_conn
    conn.connect()
    ~~~~~~~~~~~~^^
  File "C:\Users\andru\AppData\Roaming\Python\Python314\site-packages\urllib3\connection.py", line 759, in connect
    self.sock = sock = self._new_conn()
                       ~~~~~~~~~~~~~~^^
  File "C:\Users\andru\AppData\Roaming\Python\Python314\site-packages\urllib3\connection.py", line 211, in _new_conn
    raise NameResolutionError(self.host, self, e) from e
urllib3.exceptions.NameResolutionError: HTTPSConnection(host='lp.vk.com', port=443): Failed to resolve 'lp.vk.com' ([Errno 11001] getaddrinfo failed)

The above exception was the direct cause of the following exception:

Traceback (most recent call last):
  File "C:\Users\andru\AppData\Roaming\Python\Python314\site-packages\requests\adapters.py", line 696, in send
    resp = conn.urlopen(
        method=request.method,
    ...<9 lines>...
        chunked=chunked,
    )
  File "C:\Users\andru\AppData\Roaming\Python\Python314\site-packages\urllib3\connectionpool.py", line 842, in urlopen
    retries = retries.increment(
        method, url, error=new_e, _pool=self, _stacktrace=sys.exc_info()[2]
    )
  File "C:\Users\andru\AppData\Roaming\Python\Python314\site-packages\urllib3\util\retry.py", line 543, in increment
    raise MaxRetryError(_pool, url, reason) from reason  # type: ignore[arg-type]
    ^^^^^^^^^^^^^^^^^^^^^^^^^^^^^^^^^^^^^^^^^^^^^^^^^^^
urllib3.exceptions.MaxRetryError: HTTPSConnectionPool(host='lp.vk.com', port=443): Max retries exceeded with url: /whp/238077609?act=a_check&key=eyJhbGciOiJFZERTQSIsInR5cCI6IkpXVCJ9.eyJxdWV1ZV9pZCI6IjIzODA3NzYwOSIsInVudGlsIjoxNzgxMTAzOTU5NjgxMDg1NTQ1fQ.EmmtpB4O0hXOm_--x_MCMiWV9Ajn1GSCS7eUpwrNXh-v7L0mhR5C-xcgkNxoAyIfK1GcdTlwN8IhlkrMe8lOCg&ts=3746&wait=25 (Caused by NameResolutionError("HTTPSConnection(host='lp.vk.com', port=443): Failed to resolve 'lp.vk.com' ([Errno 11001] getaddrinfo failed)"))

During handling of the above exception, another exception occurred:

Traceback (most recent call last):
  File "C:\Code_Territory\Python_Code\bot_for_camp\main.py", line 49, in main
    bot.start_polling()
    ~~~~~~~~~~~~~~~~~^^
  File "C:\Users\andru\AppData\Roaming\Python\Python314\site-packages\pyvkbot\Bot.py", line 293, in start_polling
    self.start_polling()
    ~~~~~~~~~~~~~~~~~~^^
  File "C:\Users\andru\AppData\Roaming\Python\Python314\site-packages\pyvkbot\Bot.py", line 286, in start_polling
    for event in self.longpoll.listen():
                 ~~~~~~~~~~~~~~~~~~~~^^
  File "C:\Users\andru\AppData\Roaming\Python\Python314\site-packages\vk_api\bot_longpoll.py", line 286, in listen
    yield from self.check()
               ~~~~~~~~~~^^
  File "C:\Users\andru\AppData\Roaming\Python\Python314\site-packages\vk_api\bot_longpoll.py", line 255, in check
    response = self.session.get(
               ~~~~~~~~~~~~~~~~^
        self.url,
        ^^^^^^^^^
        params=values,
        ^^^^^^^^^^^^^^
        timeout=self.wait + 10
        ^^^^^^^^^^^^^^^^^^^^^^
    ).json()
    ^
  File "C:\Users\andru\AppData\Roaming\Python\Python314\site-packages\requests\sessions.py", line 671, in get
    return self.request("GET", url, params=params, **kwargs)
           ~~~~~~~~~~~~^^^^^^^^^^^^^^^^^^^^^^^^^^^^^^^^^^^^^
  File "C:\Users\andru\AppData\Roaming\Python\Python314\site-packages\requests\sessions.py", line 651, in request
    resp = self.send(prep, **send_kwargs)
  File "C:\Users\andru\AppData\Roaming\Python\Python314\site-packages\requests\sessions.py", line 784, in send
    r = adapter.send(request, **kwargs)
  File "C:\Users\andru\AppData\Roaming\Python\Python314\site-packages\requests\adapters.py", line 729, in send
    raise ConnectionError(e, request=request)
requests.exceptions.ConnectionError: HTTPSConnectionPool(host='lp.vk.com', port=443): Max retries exceeded with url: /whp/238077609?act=a_check&key=eyJhbGciOiJFZERTQSIsInR5cCI6IkpXVCJ9.eyJxdWV1ZV9pZCI6IjIzODA3NzYwOSIsInVudGlsIjoxNzgxMTAzOTU5NjgxMDg1NTQ1fQ.EmmtpB4O0hXOm_--x_MCMiWV9Ajn1GSCS7eUpwrNXh-v7L0mhR5C-xcgkNxoAyIfK1GcdTlwN8IhlkrMe8lOCg&ts=3746&wait=25 (Caused by NameResolutionError("HTTPSConnection(host='lp.vk.com', port=443): Failed to resolve 'lp.vk.com' ([Errno 11001] getaddrinfo failed)"))
2026-06-10 17:07:36,708 [ERROR] __main__: 💡 Если ошибка связана с 'getaddrinfo failed' или 'api.vk.com', проверьте настройки прокси в .env или запустите бота на VPS-сервере.
2026-06-10 17:08:25,018 [INFO] __main__: ✅ База данных подключена
2026-06-10 17:08:25,047 [ERROR] __main__: 💥 Критическая ошибка при запуске: HTTPSConnectionPool(host='api.vk.com', port=443): Max retries exceeded with url: /method/groups.getLongPollServer (Caused by NameResolutionError("HTTPSConnection(host='api.vk.com', port=443): Failed to resolve 'api.vk.com' ([Errno 11001] getaddrinfo failed)"))
Traceback (most recent call last):
  File "C:\Users\andru\AppData\Roaming\Python\Python314\site-packages\urllib3\connection.py", line 204, in _new_conn
    sock = connection.create_connection(
        (self._dns_host, self.port),
    ...<2 lines>...
        socket_options=self.socket_options,
    )
  File "C:\Users\andru\AppData\Roaming\Python\Python314\site-packages\urllib3\util\connection.py", line 60, in create_connection
    for res in socket.getaddrinfo(host, port, family, socket.SOCK_STREAM):
               ~~~~~~~~~~~~~~~~~~^^^^^^^^^^^^^^^^^^^^^^^^^^^^^^^^^^^^^^^^
  File "C:\Python314\Lib\socket.py", line 987, in getaddrinfo
    for res in _socket.getaddrinfo(host, port, family, type, proto, flags):
               ~~~~~~~~~~~~~~~~~~~^^^^^^^^^^^^^^^^^^^^^^^^^^^^^^^^^^^^^^^^
socket.gaierror: [Errno 11001] getaddrinfo failed

The above exception was the direct cause of the following exception:

Traceback (most recent call last):
  File "C:\Users\andru\AppData\Roaming\Python\Python314\site-packages\urllib3\connectionpool.py", line 788, in urlopen
    response = self._make_request(
        conn,
    ...<10 lines>...
        **response_kw,
    )
  File "C:\Users\andru\AppData\Roaming\Python\Python314\site-packages\urllib3\connectionpool.py", line 488, in _make_request
    raise new_e
  File "C:\Users\andru\AppData\Roaming\Python\Python314\site-packages\urllib3\connectionpool.py", line 464, in _make_request
    self._validate_conn(conn)
    ~~~~~~~~~~~~~~~~~~~^^^^^^
  File "C:\Users\andru\AppData\Roaming\Python\Python314\site-packages\urllib3\connectionpool.py", line 1106, in _validate_conn
    conn.connect()
    ~~~~~~~~~~~~^^
  File "C:\Users\andru\AppData\Roaming\Python\Python314\site-packages\urllib3\connection.py", line 759, in connect
    self.sock = sock = self._new_conn()
                       ~~~~~~~~~~~~~~^^
  File "C:\Users\andru\AppData\Roaming\Python\Python314\site-packages\urllib3\connection.py", line 211, in _new_conn
    raise NameResolutionError(self.host, self, e) from e
urllib3.exceptions.NameResolutionError: HTTPSConnection(host='api.vk.com', port=443): Failed to resolve 'api.vk.com' ([Errno 11001] getaddrinfo failed)

The above exception was the direct cause of the following exception:

Traceback (most recent call last):
  File "C:\Users\andru\AppData\Roaming\Python\Python314\site-packages\requests\adapters.py", line 696, in send
    resp = conn.urlopen(
        method=request.method,
    ...<9 lines>...
        chunked=chunked,
    )
  File "C:\Users\andru\AppData\Roaming\Python\Python314\site-packages\urllib3\connectionpool.py", line 842, in urlopen
    retries = retries.increment(
        method, url, error=new_e, _pool=self, _stacktrace=sys.exc_info()[2]
    )
  File "C:\Users\andru\AppData\Roaming\Python\Python314\site-packages\urllib3\util\retry.py", line 543, in increment
    raise MaxRetryError(_pool, url, reason) from reason  # type: ignore[arg-type]
    ^^^^^^^^^^^^^^^^^^^^^^^^^^^^^^^^^^^^^^^^^^^^^^^^^^^
urllib3.exceptions.MaxRetryError: HTTPSConnectionPool(host='api.vk.com', port=443): Max retries exceeded with url: /method/groups.getLongPollServer (Caused by NameResolutionError("HTTPSConnection(host='api.vk.com', port=443): Failed to resolve 'api.vk.com' ([Errno 11001] getaddrinfo failed)"))

During handling of the above exception, another exception occurred:

Traceback (most recent call last):
  File "C:\Code_Territory\Python_Code\bot_for_camp\main.py", line 45, in main
    bot = Bot(token=config.VK_BOT_TOKEN, group_id=config.VK_GROUP_ID)
  File "C:\Users\andru\AppData\Roaming\Python\Python314\site-packages\pyvkbot\Bot.py", line 42, in __init__
    self.longpoll = VkBotLongPoll(self.vk_session, group_id=group_id)
                    ~~~~~~~~~~~~~^^^^^^^^^^^^^^^^^^^^^^^^^^^^^^^^^^^^
  File "C:\Users\andru\AppData\Roaming\Python\Python314\site-packages\vk_api\bot_longpoll.py", line 219, in __init__
    self.update_longpoll_server()
    ~~~~~~~~~~~~~~~~~~~~~~~~~~~^^
  File "C:\Users\andru\AppData\Roaming\Python\Python314\site-packages\vk_api\bot_longpoll.py", line 232, in update_longpoll_server
    response = self.vk.method('groups.getLongPollServer', values)
  File "C:\Users\andru\AppData\Roaming\Python\Python314\site-packages\vk_api\vk_api.py", line 897, in method
    response = self.http.post(
        f'https://api.vk.com/method/{method}',
        values,
        headers=None if with_cookies else {'Cookie': ''},
    )
  File "C:\Users\andru\AppData\Roaming\Python\Python314\site-packages\requests\sessions.py", line 712, in post
    return self.request("POST", url, data=data, json=json, **kwargs)
           ~~~~~~~~~~~~^^^^^^^^^^^^^^^^^^^^^^^^^^^^^^^^^^^^^^^^^^^^^
  File "C:\Users\andru\AppData\Roaming\Python\Python314\site-packages\requests\sessions.py", line 651, in request
    resp = self.send(prep, **send_kwargs)
  File "C:\Users\andru\AppData\Roaming\Python\Python314\site-packages\requests\sessions.py", line 784, in send
    r = adapter.send(request, **kwargs)
  File "C:\Users\andru\AppData\Roaming\Python\Python314\site-packages\requests\adapters.py", line 729, in send
    raise ConnectionError(e, request=request)
requests.exceptions.ConnectionError: HTTPSConnectionPool(host='api.vk.com', port=443): Max retries exceeded with url: /method/groups.getLongPollServer (Caused by NameResolutionError("HTTPSConnection(host='api.vk.com', port=443): Failed to resolve 'api.vk.com' ([Errno 11001] getaddrinfo failed)"))
2026-06-10 17:08:25,070 [ERROR] __main__: 💡 Если ошибка связана с 'getaddrinfo failed' или 'api.vk.com', проверьте настройки прокси в .env или запустите бота на VPS-сервере.
2026-06-10 17:08:31,080 [INFO] __main__: ✅ База данных подключена
2026-06-10 17:08:31,097 [ERROR] __main__: 💥 Критическая ошибка при запуске: HTTPSConnectionPool(host='api.vk.com', port=443): Max retries exceeded with url: /method/groups.getLongPollServer (Caused by NameResolutionError("HTTPSConnection(host='api.vk.com', port=443): Failed to resolve 'api.vk.com' ([Errno 11001] getaddrinfo failed)"))
Traceback (most recent call last):
  File "C:\Users\andru\AppData\Roaming\Python\Python314\site-packages\urllib3\connection.py", line 204, in _new_conn
    sock = connection.create_connection(
        (self._dns_host, self.port),
    ...<2 lines>...
        socket_options=self.socket_options,
    )
  File "C:\Users\andru\AppData\Roaming\Python\Python314\site-packages\urllib3\util\connection.py", line 60, in create_connection
    for res in socket.getaddrinfo(host, port, family, socket.SOCK_STREAM):
               ~~~~~~~~~~~~~~~~~~^^^^^^^^^^^^^^^^^^^^^^^^^^^^^^^^^^^^^^^^
  File "C:\Python314\Lib\socket.py", line 987, in getaddrinfo
    for res in _socket.getaddrinfo(host, port, family, type, proto, flags):
               ~~~~~~~~~~~~~~~~~~~^^^^^^^^^^^^^^^^^^^^^^^^^^^^^^^^^^^^^^^^
socket.gaierror: [Errno 11001] getaddrinfo failed

The above exception was the direct cause of the following exception:

Traceback (most recent call last):
  File "C:\Users\andru\AppData\Roaming\Python\Python314\site-packages\urllib3\connectionpool.py", line 788, in urlopen
    response = self._make_request(
        conn,
    ...<10 lines>...
        **response_kw,
    )
  File "C:\Users\andru\AppData\Roaming\Python\Python314\site-packages\urllib3\connectionpool.py", line 488, in _make_request
    raise new_e
  File "C:\Users\andru\AppData\Roaming\Python\Python314\site-packages\urllib3\connectionpool.py", line 464, in _make_request
    self._validate_conn(conn)
    ~~~~~~~~~~~~~~~~~~~^^^^^^
  File "C:\Users\andru\AppData\Roaming\Python\Python314\site-packages\urllib3\connectionpool.py", line 1106, in _validate_conn
    conn.connect()
    ~~~~~~~~~~~~^^
  File "C:\Users\andru\AppData\Roaming\Python\Python314\site-packages\urllib3\connection.py", line 759, in connect
    self.sock = sock = self._new_conn()
                       ~~~~~~~~~~~~~~^^
  File "C:\Users\andru\AppData\Roaming\Python\Python314\site-packages\urllib3\connection.py", line 211, in _new_conn
    raise NameResolutionError(self.host, self, e) from e
urllib3.exceptions.NameResolutionError: HTTPSConnection(host='api.vk.com', port=443): Failed to resolve 'api.vk.com' ([Errno 11001] getaddrinfo failed)

The above exception was the direct cause of the following exception:

Traceback (most recent call last):
  File "C:\Users\andru\AppData\Roaming\Python\Python314\site-packages\requests\adapters.py", line 696, in send
    resp = conn.urlopen(
        method=request.method,
    ...<9 lines>...
        chunked=chunked,
    )
  File "C:\Users\andru\AppData\Roaming\Python\Python314\site-packages\urllib3\connectionpool.py", line 842, in urlopen
    retries = retries.increment(
        method, url, error=new_e, _pool=self, _stacktrace=sys.exc_info()[2]
    )
  File "C:\Users\andru\AppData\Roaming\Python\Python314\site-packages\urllib3\util\retry.py", line 543, in increment
    raise MaxRetryError(_pool, url, reason) from reason  # type: ignore[arg-type]
    ^^^^^^^^^^^^^^^^^^^^^^^^^^^^^^^^^^^^^^^^^^^^^^^^^^^
urllib3.exceptions.MaxRetryError: HTTPSConnectionPool(host='api.vk.com', port=443): Max retries exceeded with url: /method/groups.getLongPollServer (Caused by NameResolutionError("HTTPSConnection(host='api.vk.com', port=443): Failed to resolve 'api.vk.com' ([Errno 11001] getaddrinfo failed)"))

During handling of the above exception, another exception occurred:

Traceback (most recent call last):
  File "C:\Code_Territory\Python_Code\bot_for_camp\main.py", line 45, in main
    bot = Bot(token=config.VK_BOT_TOKEN, group_id=config.VK_GROUP_ID)
  File "C:\Users\andru\AppData\Roaming\Python\Python314\site-packages\pyvkbot\Bot.py", line 42, in __init__
    self.longpoll = VkBotLongPoll(self.vk_session, group_id=group_id)
                    ~~~~~~~~~~~~~^^^^^^^^^^^^^^^^^^^^^^^^^^^^^^^^^^^^
  File "C:\Users\andru\AppData\Roaming\Python\Python314\site-packages\vk_api\bot_longpoll.py", line 219, in __init__
    self.update_longpoll_server()
    ~~~~~~~~~~~~~~~~~~~~~~~~~~~^^
  File "C:\Users\andru\AppData\Roaming\Python\Python314\site-packages\vk_api\bot_longpoll.py", line 232, in update_longpoll_server
    response = self.vk.method('groups.getLongPollServer', values)
  File "C:\Users\andru\AppData\Roaming\Python\Python314\site-packages\vk_api\vk_api.py", line 897, in method
    response = self.http.post(
        f'https://api.vk.com/method/{method}',
        values,
        headers=None if with_cookies else {'Cookie': ''},
    )
  File "C:\Users\andru\AppData\Roaming\Python\Python314\site-packages\requests\sessions.py", line 712, in post
    return self.request("POST", url, data=data, json=json, **kwargs)
           ~~~~~~~~~~~~^^^^^^^^^^^^^^^^^^^^^^^^^^^^^^^^^^^^^^^^^^^^^
  File "C:\Users\andru\AppData\Roaming\Python\Python314\site-packages\requests\sessions.py", line 651, in request
    resp = self.send(prep, **send_kwargs)
  File "C:\Users\andru\AppData\Roaming\Python\Python314\site-packages\requests\sessions.py", line 784, in send
    r = adapter.send(request, **kwargs)
  File "C:\Users\andru\AppData\Roaming\Python\Python314\site-packages\requests\adapters.py", line 729, in send
    raise ConnectionError(e, request=request)
requests.exceptions.ConnectionError: HTTPSConnectionPool(host='api.vk.com', port=443): Max retries exceeded with url: /method/groups.getLongPollServer (Caused by NameResolutionError("HTTPSConnection(host='api.vk.com', port=443): Failed to resolve 'api.vk.com' ([Errno 11001] getaddrinfo failed)"))
2026-06-10 17:08:31,118 [ERROR] __main__: 💡 Если ошибка связана с 'getaddrinfo failed' или 'api.vk.com', проверьте настройки прокси в .env или запустите бота на VPS-сервере.
2026-06-15 12:05:52,549 [INFO] __main__: ✅ База данных подключена
2026-06-15 12:05:53,946 [INFO] bot_logic: Admin sync complete
2026-06-15 12:05:53,951 [INFO] __main__: 🚀 Бот успешно запущен!
2026-06-15 12:40:55,911 [ERROR] __main__: 💥 Критическая ошибка при запуске: HTTPSConnectionPool(host='lp.vk.com', port=443): Max retries exceeded with url: /whp/238077609?act=a_check&key=eyJhbGciOiJFZERTQSIsInR5cCI6IkpXVCJ9.eyJxdWV1ZV9pZCI6IjIzODA3NzYwOSIsInVudGlsIjoxNzgxNTE3OTQ0Mjk0NzkzNzY2fQ.P34m_eDpKA0VPIQTFw2kq_4IEDglREL1-0TjSGsWWt5POoiT7svo85k6LVq7NhqvENhDORHwWeZhnsm7vXCCDg&ts=3906&wait=25 (Caused by NameResolutionError("HTTPSConnection(host='lp.vk.com', port=443): Failed to resolve 'lp.vk.com' ([Errno 11001] getaddrinfo failed)"))
Traceback (most recent call last):
  File "C:\Users\andru\AppData\Roaming\Python\Python314\site-packages\urllib3\connectionpool.py", line 534, in _make_request
    response = conn.getresponse()
  File "C:\Users\andru\AppData\Roaming\Python\Python314\site-packages\urllib3\connection.py", line 571, in getresponse
    httplib_response = super().getresponse()
  File "C:\Python314\Lib\http\client.py", line 1459, in getresponse
    response.begin()
    ~~~~~~~~~~~~~~^^
  File "C:\Python314\Lib\http\client.py", line 336, in begin
    version, status, reason = self._read_status()
                              ~~~~~~~~~~~~~~~~~^^
  File "C:\Python314\Lib\http\client.py", line 297, in _read_status
    line = str(self.fp.readline(_MAXLINE + 1), "iso-8859-1")
               ~~~~~~~~~~~~~~~~^^^^^^^^^^^^^^
  File "C:\Python314\Lib\socket.py", line 729, in readinto
    return self._sock.recv_into(b)
           ~~~~~~~~~~~~~~~~~~~~^^^
  File "C:\Python314\Lib\ssl.py", line 1304, in recv_into
    return self.read(nbytes, buffer)
           ~~~~~~~~~^^^^^^^^^^^^^^^^
  File "C:\Python314\Lib\ssl.py", line 1138, in read
    return self._sslobj.read(len, buffer)
           ~~~~~~~~~~~~~~~~~^^^^^^^^^^^^^
TimeoutError: The read operation timed out

The above exception was the direct cause of the following exception:

Traceback (most recent call last):
  File "C:\Users\andru\AppData\Roaming\Python\Python314\site-packages\requests\adapters.py", line 696, in send
    resp = conn.urlopen(
        method=request.method,
    ...<9 lines>...
        chunked=chunked,
    )
  File "C:\Users\andru\AppData\Roaming\Python\Python314\site-packages\urllib3\connectionpool.py", line 842, in urlopen
    retries = retries.increment(
        method, url, error=new_e, _pool=self, _stacktrace=sys.exc_info()[2]
    )
  File "C:\Users\andru\AppData\Roaming\Python\Python314\site-packages\urllib3\util\retry.py", line 498, in increment
    raise reraise(type(error), error, _stacktrace)
          ~~~~~~~^^^^^^^^^^^^^^^^^^^^^^^^^^^^^^^^^
  File "C:\Users\andru\AppData\Roaming\Python\Python314\site-packages\urllib3\util\util.py", line 39, in reraise
    raise value
  File "C:\Users\andru\AppData\Roaming\Python\Python314\site-packages\urllib3\connectionpool.py", line 788, in urlopen
    response = self._make_request(
        conn,
    ...<10 lines>...
        **response_kw,
    )
  File "C:\Users\andru\AppData\Roaming\Python\Python314\site-packages\urllib3\connectionpool.py", line 536, in _make_request
    self._raise_timeout(err=e, url=url, timeout_value=read_timeout)
    ~~~~~~~~~~~~~~~~~~~^^^^^^^^^^^^^^^^^^^^^^^^^^^^^^^^^^^^^^^^^^^^
  File "C:\Users\andru\AppData\Roaming\Python\Python314\site-packages\urllib3\connectionpool.py", line 367, in _raise_timeout
    raise ReadTimeoutError(
        self, url, f"Read timed out. (read timeout={timeout_value})"
    ) from err
urllib3.exceptions.ReadTimeoutError: HTTPSConnectionPool(host='lp.vk.com', port=443): Read timed out. (read timeout=35)

During handling of the above exception, another exception occurred:

Traceback (most recent call last):
  File "C:\Users\andru\AppData\Roaming\Python\Python314\site-packages\pyvkbot\Bot.py", line 286, in start_polling
    for event in self.longpoll.listen():
                 ~~~~~~~~~~~~~~~~~~~~^^
  File "C:\Users\andru\AppData\Roaming\Python\Python314\site-packages\vk_api\bot_longpoll.py", line 286, in listen
    yield from self.check()
               ~~~~~~~~~~^^
  File "C:\Users\andru\AppData\Roaming\Python\Python314\site-packages\vk_api\bot_longpoll.py", line 255, in check
    response = self.session.get(
               ~~~~~~~~~~~~~~~~^
        self.url,
        ^^^^^^^^^
        params=values,
        ^^^^^^^^^^^^^^
        timeout=self.wait + 10
        ^^^^^^^^^^^^^^^^^^^^^^
    ).json()
    ^
  File "C:\Users\andru\AppData\Roaming\Python\Python314\site-packages\requests\sessions.py", line 671, in get
    return self.request("GET", url, params=params, **kwargs)
           ~~~~~~~~~~~~^^^^^^^^^^^^^^^^^^^^^^^^^^^^^^^^^^^^^
  File "C:\Users\andru\AppData\Roaming\Python\Python314\site-packages\requests\sessions.py", line 651, in request
    resp = self.send(prep, **send_kwargs)
  File "C:\Users\andru\AppData\Roaming\Python\Python314\site-packages\requests\sessions.py", line 784, in send
    r = adapter.send(request, **kwargs)
  File "C:\Users\andru\AppData\Roaming\Python\Python314\site-packages\requests\adapters.py", line 742, in send
    raise ReadTimeout(e, request=request)
requests.exceptions.ReadTimeout: HTTPSConnectionPool(host='lp.vk.com', port=443): Read timed out. (read timeout=35)

During handling of the above exception, another exception occurred:

Traceback (most recent call last):
  File "C:\Users\andru\AppData\Roaming\Python\Python314\site-packages\urllib3\connection.py", line 204, in _new_conn
    sock = connection.create_connection(
        (self._dns_host, self.port),
    ...<2 lines>...
        socket_options=self.socket_options,
    )
  File "C:\Users\andru\AppData\Roaming\Python\Python314\site-packages\urllib3\util\connection.py", line 60, in create_connection
    for res in socket.getaddrinfo(host, port, family, socket.SOCK_STREAM):
               ~~~~~~~~~~~~~~~~~~^^^^^^^^^^^^^^^^^^^^^^^^^^^^^^^^^^^^^^^^
  File "C:\Python314\Lib\socket.py", line 987, in getaddrinfo
    for res in _socket.getaddrinfo(host, port, family, type, proto, flags):
               ~~~~~~~~~~~~~~~~~~~^^^^^^^^^^^^^^^^^^^^^^^^^^^^^^^^^^^^^^^^
socket.gaierror: [Errno 11001] getaddrinfo failed

The above exception was the direct cause of the following exception:

Traceback (most recent call last):
  File "C:\Users\andru\AppData\Roaming\Python\Python314\site-packages\urllib3\connectionpool.py", line 788, in urlopen
    response = self._make_request(
        conn,
    ...<10 lines>...
        **response_kw,
    )
  File "C:\Users\andru\AppData\Roaming\Python\Python314\site-packages\urllib3\connectionpool.py", line 488, in _make_request
    raise new_e
  File "C:\Users\andru\AppData\Roaming\Python\Python314\site-packages\urllib3\connectionpool.py", line 464, in _make_request
    self._validate_conn(conn)
    ~~~~~~~~~~~~~~~~~~~^^^^^^
  File "C:\Users\andru\AppData\Roaming\Python\Python314\site-packages\urllib3\connectionpool.py", line 1106, in _validate_conn
    conn.connect()
    ~~~~~~~~~~~~^^
  File "C:\Users\andru\AppData\Roaming\Python\Python314\site-packages\urllib3\connection.py", line 759, in connect
    self.sock = sock = self._new_conn()
                       ~~~~~~~~~~~~~~^^
  File "C:\Users\andru\AppData\Roaming\Python\Python314\site-packages\urllib3\connection.py", line 211, in _new_conn
    raise NameResolutionError(self.host, self, e) from e
urllib3.exceptions.NameResolutionError: HTTPSConnection(host='lp.vk.com', port=443): Failed to resolve 'lp.vk.com' ([Errno 11001] getaddrinfo failed)

The above exception was the direct cause of the following exception:

Traceback (most recent call last):
  File "C:\Users\andru\AppData\Roaming\Python\Python314\site-packages\requests\adapters.py", line 696, in send
    resp = conn.urlopen(
        method=request.method,
    ...<9 lines>...
        chunked=chunked,
    )
  File "C:\Users\andru\AppData\Roaming\Python\Python314\site-packages\urllib3\connectionpool.py", line 842, in urlopen
    retries = retries.increment(
        method, url, error=new_e, _pool=self, _stacktrace=sys.exc_info()[2]
    )
  File "C:\Users\andru\AppData\Roaming\Python\Python314\site-packages\urllib3\util\retry.py", line 543, in increment
    raise MaxRetryError(_pool, url, reason) from reason  # type: ignore[arg-type]
    ^^^^^^^^^^^^^^^^^^^^^^^^^^^^^^^^^^^^^^^^^^^^^^^^^^^
urllib3.exceptions.MaxRetryError: HTTPSConnectionPool(host='lp.vk.com', port=443): Max retries exceeded with url: /whp/238077609?act=a_check&key=eyJhbGciOiJFZERTQSIsInR5cCI6IkpXVCJ9.eyJxdWV1ZV9pZCI6IjIzODA3NzYwOSIsInVudGlsIjoxNzgxNTE3OTQ0Mjk0NzkzNzY2fQ.P34m_eDpKA0VPIQTFw2kq_4IEDglREL1-0TjSGsWWt5POoiT7svo85k6LVq7NhqvENhDORHwWeZhnsm7vXCCDg&ts=3906&wait=25 (Caused by NameResolutionError("HTTPSConnection(host='lp.vk.com', port=443): Failed to resolve 'lp.vk.com' ([Errno 11001] getaddrinfo failed)"))

During handling of the above exception, another exception occurred:

Traceback (most recent call last):
  File "C:\Code_Territory\Python_Code\bot_for_camp\main.py", line 49, in main
    bot.start_polling()
    ~~~~~~~~~~~~~~~~~^^
  File "C:\Users\andru\AppData\Roaming\Python\Python314\site-packages\pyvkbot\Bot.py", line 293, in start_polling
    self.start_polling()
    ~~~~~~~~~~~~~~~~~~^^
  File "C:\Users\andru\AppData\Roaming\Python\Python314\site-packages\pyvkbot\Bot.py", line 286, in start_polling
    for event in self.longpoll.listen():
                 ~~~~~~~~~~~~~~~~~~~~^^
  File "C:\Users\andru\AppData\Roaming\Python\Python314\site-packages\vk_api\bot_longpoll.py", line 286, in listen
    yield from self.check()
               ~~~~~~~~~~^^
  File "C:\Users\andru\AppData\Roaming\Python\Python314\site-packages\vk_api\bot_longpoll.py", line 255, in check
    response = self.session.get(
               ~~~~~~~~~~~~~~~~^
        self.url,
        ^^^^^^^^^
        params=values,
        ^^^^^^^^^^^^^^
        timeout=self.wait + 10
        ^^^^^^^^^^^^^^^^^^^^^^
    ).json()
    ^
  File "C:\Users\andru\AppData\Roaming\Python\Python314\site-packages\requests\sessions.py", line 671, in get
    return self.request("GET", url, params=params, **kwargs)
           ~~~~~~~~~~~~^^^^^^^^^^^^^^^^^^^^^^^^^^^^^^^^^^^^^
  File "C:\Users\andru\AppData\Roaming\Python\Python314\site-packages\requests\sessions.py", line 651, in request
    resp = self.send(prep, **send_kwargs)
  File "C:\Users\andru\AppData\Roaming\Python\Python314\site-packages\requests\sessions.py", line 784, in send
    r = adapter.send(request, **kwargs)
  File "C:\Users\andru\AppData\Roaming\Python\Python314\site-packages\requests\adapters.py", line 729, in send
    raise ConnectionError(e, request=request)
requests.exceptions.ConnectionError: HTTPSConnectionPool(host='lp.vk.com', port=443): Max retries exceeded with url: /whp/238077609?act=a_check&key=eyJhbGciOiJFZERTQSIsInR5cCI6IkpXVCJ9.eyJxdWV1ZV9pZCI6IjIzODA3NzYwOSIsInVudGlsIjoxNzgxNTE3OTQ0Mjk0NzkzNzY2fQ.P34m_eDpKA0VPIQTFw2kq_4IEDglREL1-0TjSGsWWt5POoiT7svo85k6LVq7NhqvENhDORHwWeZhnsm7vXCCDg&ts=3906&wait=25 (Caused by NameResolutionError("HTTPSConnection(host='lp.vk.com', port=443): Failed to resolve 'lp.vk.com' ([Errno 11001] getaddrinfo failed)"))
2026-06-15 12:40:56,061 [ERROR] __main__: 💡 Если ошибка связана с 'getaddrinfo failed' или 'api.vk.com', проверьте настройки прокси в .env или запустите бота на VPS-сервере.
2026-06-15 12:42:02,331 [INFO] __main__: ✅ База данных подключена
2026-06-15 12:42:03,461 [INFO] bot_logic: Admin sync complete
2026-06-15 12:42:03,463 [INFO] __main__: 🚀 Бот успешно запущен!
2026-06-15 12:51:55,576 [INFO] __main__: ✅ База данных подключена
2026-06-15 12:51:56,551 [INFO] bot_logic: Admin sync complete
2026-06-15 12:51:56,552 [INFO] __main__: 🚀 Бот успешно запущен!
2026-06-17 15:47:19,147 [INFO] __main__: ✅ База данных подключена
2026-06-17 15:47:19,189 [ERROR] __main__: 💥 Критическая ошибка при запуске: HTTPSConnectionPool(host='api.vk.com', port=443): Max retries exceeded with url: /method/groups.getLongPollServer (Caused by NameResolutionError("HTTPSConnection(host='api.vk.com', port=443): Failed to resolve 'api.vk.com' ([Errno 11001] getaddrinfo failed)"))
Traceback (most recent call last):
  File "C:\Users\andru\AppData\Roaming\Python\Python314\site-packages\urllib3\connection.py", line 204, in _new_conn
    sock = connection.create_connection(
        (self._dns_host, self.port),
    ...<2 lines>...
        socket_options=self.socket_options,
    )
  File "C:\Users\andru\AppData\Roaming\Python\Python314\site-packages\urllib3\util\connection.py", line 60, in create_connection
    for res in socket.getaddrinfo(host, port, family, socket.SOCK_STREAM):
               ~~~~~~~~~~~~~~~~~~^^^^^^^^^^^^^^^^^^^^^^^^^^^^^^^^^^^^^^^^
  File "C:\Python314\Lib\socket.py", line 987, in getaddrinfo
    for res in _socket.getaddrinfo(host, port, family, type, proto, flags):
               ~~~~~~~~~~~~~~~~~~~^^^^^^^^^^^^^^^^^^^^^^^^^^^^^^^^^^^^^^^^
socket.gaierror: [Errno 11001] getaddrinfo failed

The above exception was the direct cause of the following exception:

Traceback (most recent call last):
  File "C:\Users\andru\AppData\Roaming\Python\Python314\site-packages\urllib3\connectionpool.py", line 788, in urlopen
    response = self._make_request(
        conn,
    ...<10 lines>...
        **response_kw,
    )
  File "C:\Users\andru\AppData\Roaming\Python\Python314\site-packages\urllib3\connectionpool.py", line 488, in _make_request
    raise new_e
  File "C:\Users\andru\AppData\Roaming\Python\Python314\site-packages\urllib3\connectionpool.py", line 464, in _make_request
    self._validate_conn(conn)
    ~~~~~~~~~~~~~~~~~~~^^^^^^
  File "C:\Users\andru\AppData\Roaming\Python\Python314\site-packages\urllib3\connectionpool.py", line 1106, in _validate_conn
    conn.connect()
    ~~~~~~~~~~~~^^
  File "C:\Users\andru\AppData\Roaming\Python\Python314\site-packages\urllib3\connection.py", line 759, in connect
    self.sock = sock = self._new_conn()
                       ~~~~~~~~~~~~~~^^
  File "C:\Users\andru\AppData\Roaming\Python\Python314\site-packages\urllib3\connection.py", line 211, in _new_conn
    raise NameResolutionError(self.host, self, e) from e
urllib3.exceptions.NameResolutionError: HTTPSConnection(host='api.vk.com', port=443): Failed to resolve 'api.vk.com' ([Errno 11001] getaddrinfo failed)

The above exception was the direct cause of the following exception:

Traceback (most recent call last):
  File "C:\Users\andru\AppData\Roaming\Python\Python314\site-packages\requests\adapters.py", line 696, in send
    resp = conn.urlopen(
        method=request.method,
    ...<9 lines>...
        chunked=chunked,
    )
  File "C:\Users\andru\AppData\Roaming\Python\Python314\site-packages\urllib3\connectionpool.py", line 842, in urlopen
    retries = retries.increment(
        method, url, error=new_e, _pool=self, _stacktrace=sys.exc_info()[2]
    )
  File "C:\Users\andru\AppData\Roaming\Python\Python314\site-packages\urllib3\util\retry.py", line 543, in increment
    raise MaxRetryError(_pool, url, reason) from reason  # type: ignore[arg-type]
    ^^^^^^^^^^^^^^^^^^^^^^^^^^^^^^^^^^^^^^^^^^^^^^^^^^^
urllib3.exceptions.MaxRetryError: HTTPSConnectionPool(host='api.vk.com', port=443): Max retries exceeded with url: /method/groups.getLongPollServer (Caused by NameResolutionError("HTTPSConnection(host='api.vk.com', port=443): Failed to resolve 'api.vk.com' ([Errno 11001] getaddrinfo failed)"))

During handling of the above exception, another exception occurred:

Traceback (most recent call last):
  File "C:\Code_Territory\Python_Code\bot_for_camp\main.py", line 45, in main
    bot = Bot(token=config.VK_BOT_TOKEN, group_id=config.VK_GROUP_ID)
  File "C:\Users\andru\AppData\Roaming\Python\Python314\site-packages\pyvkbot\Bot.py", line 42, in __init__
    self.longpoll = VkBotLongPoll(self.vk_session, group_id=group_id)
                    ~~~~~~~~~~~~~^^^^^^^^^^^^^^^^^^^^^^^^^^^^^^^^^^^^
  File "C:\Users\andru\AppData\Roaming\Python\Python314\site-packages\vk_api\bot_longpoll.py", line 219, in __init__
    self.update_longpoll_server()
    ~~~~~~~~~~~~~~~~~~~~~~~~~~~^^
  File "C:\Users\andru\AppData\Roaming\Python\Python314\site-packages\vk_api\bot_longpoll.py", line 232, in update_longpoll_server
    response = self.vk.method('groups.getLongPollServer', values)
  File "C:\Users\andru\AppData\Roaming\Python\Python314\site-packages\vk_api\vk_api.py", line 897, in method
    response = self.http.post(
        f'https://api.vk.com/method/{method}',
        values,
        headers=None if with_cookies else {'Cookie': ''},
    )
  File "C:\Users\andru\AppData\Roaming\Python\Python314\site-packages\requests\sessions.py", line 712, in post
    return self.request("POST", url, data=data, json=json, **kwargs)
           ~~~~~~~~~~~~^^^^^^^^^^^^^^^^^^^^^^^^^^^^^^^^^^^^^^^^^^^^^
  File "C:\Users\andru\AppData\Roaming\Python\Python314\site-packages\requests\sessions.py", line 651, in request
    resp = self.send(prep, **send_kwargs)
  File "C:\Users\andru\AppData\Roaming\Python\Python314\site-packages\requests\sessions.py", line 784, in send
    r = adapter.send(request, **kwargs)
  File "C:\Users\andru\AppData\Roaming\Python\Python314\site-packages\requests\adapters.py", line 729, in send
    raise ConnectionError(e, request=request)
requests.exceptions.ConnectionError: HTTPSConnectionPool(host='api.vk.com', port=443): Max retries exceeded with url: /method/groups.getLongPollServer (Caused by NameResolutionError("HTTPSConnection(host='api.vk.com', port=443): Failed to resolve 'api.vk.com' ([Errno 11001] getaddrinfo failed)"))
2026-06-17 15:47:19,264 [ERROR] __main__: 💡 Если ошибка связана с 'getaddrinfo failed' или 'api.vk.com', проверьте настройки прокси в .env или запустите бота на VPS-сервере.
2026-06-17 15:48:27,157 [INFO] __main__: ✅ База данных подключена
2026-06-17 15:48:28,036 [INFO] bot_logic: Admin sync complete
2026-06-17 15:48:28,037 [INFO] __main__: 🚀 Бот успешно запущен!
2026-06-17 17:27:40,144 [INFO] __main__: ✅ База данных подключена
2026-06-17 17:27:52,228 [ERROR] __main__: 💥 Критическая ошибка при запуске: HTTPSConnectionPool(host='api.vk.com', port=443): Max retries exceeded with url: /method/groups.getLongPollServer (Caused by NameResolutionError("HTTPSConnection(host='api.vk.com', port=443): Failed to resolve 'api.vk.com' ([Errno 11001] getaddrinfo failed)"))
Traceback (most recent call last):
  File "C:\Users\andru\AppData\Roaming\Python\Python314\site-packages\urllib3\connection.py", line 204, in _new_conn
    sock = connection.create_connection(
        (self._dns_host, self.port),
    ...<2 lines>...
        socket_options=self.socket_options,
    )
  File "C:\Users\andru\AppData\Roaming\Python\Python314\site-packages\urllib3\util\connection.py", line 60, in create_connection
    for res in socket.getaddrinfo(host, port, family, socket.SOCK_STREAM):
               ~~~~~~~~~~~~~~~~~~^^^^^^^^^^^^^^^^^^^^^^^^^^^^^^^^^^^^^^^^
  File "C:\Python314\Lib\socket.py", line 987, in getaddrinfo
    for res in _socket.getaddrinfo(host, port, family, type, proto, flags):
               ~~~~~~~~~~~~~~~~~~~^^^^^^^^^^^^^^^^^^^^^^^^^^^^^^^^^^^^^^^^
socket.gaierror: [Errno 11001] getaddrinfo failed

The above exception was the direct cause of the following exception:

Traceback (most recent call last):
  File "C:\Users\andru\AppData\Roaming\Python\Python314\site-packages\urllib3\connectionpool.py", line 788, in urlopen
    response = self._make_request(
        conn,
    ...<10 lines>...
        **response_kw,
    )
  File "C:\Users\andru\AppData\Roaming\Python\Python314\site-packages\urllib3\connectionpool.py", line 488, in _make_request
    raise new_e
  File "C:\Users\andru\AppData\Roaming\Python\Python314\site-packages\urllib3\connectionpool.py", line 464, in _make_request
    self._validate_conn(conn)
    ~~~~~~~~~~~~~~~~~~~^^^^^^
  File "C:\Users\andru\AppData\Roaming\Python\Python314\site-packages\urllib3\connectionpool.py", line 1106, in _validate_conn
    conn.connect()
    ~~~~~~~~~~~~^^
  File "C:\Users\andru\AppData\Roaming\Python\Python314\site-packages\urllib3\connection.py", line 759, in connect
    self.sock = sock = self._new_conn()
                       ~~~~~~~~~~~~~~^^
  File "C:\Users\andru\AppData\Roaming\Python\Python314\site-packages\urllib3\connection.py", line 211, in _new_conn
    raise NameResolutionError(self.host, self, e) from e
urllib3.exceptions.NameResolutionError: HTTPSConnection(host='api.vk.com', port=443): Failed to resolve 'api.vk.com' ([Errno 11001] getaddrinfo failed)

The above exception was the direct cause of the following exception:

Traceback (most recent call last):
  File "C:\Users\andru\AppData\Roaming\Python\Python314\site-packages\requests\adapters.py", line 696, in send
    resp = conn.urlopen(
        method=request.method,
    ...<9 lines>...
        chunked=chunked,
    )
  File "C:\Users\andru\AppData\Roaming\Python\Python314\site-packages\urllib3\connectionpool.py", line 842, in urlopen
    retries = retries.increment(
        method, url, error=new_e, _pool=self, _stacktrace=sys.exc_info()[2]
    )
  File "C:\Users\andru\AppData\Roaming\Python\Python314\site-packages\urllib3\util\retry.py", line 543, in increment
    raise MaxRetryError(_pool, url, reason) from reason  # type: ignore[arg-type]
    ^^^^^^^^^^^^^^^^^^^^^^^^^^^^^^^^^^^^^^^^^^^^^^^^^^^
urllib3.exceptions.MaxRetryError: HTTPSConnectionPool(host='api.vk.com', port=443): Max retries exceeded with url: /method/groups.getLongPollServer (Caused by NameResolutionError("HTTPSConnection(host='api.vk.com', port=443): Failed to resolve 'api.vk.com' ([Errno 11001] getaddrinfo failed)"))

During handling of the above exception, another exception occurred:

Traceback (most recent call last):
  File "C:\Code_Territory\Python_Code\bot_for_camp\main.py", line 45, in main
    bot = Bot(token=config.VK_BOT_TOKEN, group_id=config.VK_GROUP_ID)
  File "C:\Users\andru\AppData\Roaming\Python\Python314\site-packages\pyvkbot\Bot.py", line 42, in __init__
    self.longpoll = VkBotLongPoll(self.vk_session, group_id=group_id)
                    ~~~~~~~~~~~~~^^^^^^^^^^^^^^^^^^^^^^^^^^^^^^^^^^^^
  File "C:\Users\andru\AppData\Roaming\Python\Python314\site-packages\vk_api\bot_longpoll.py", line 219, in __init__
    self.update_longpoll_server()
    ~~~~~~~~~~~~~~~~~~~~~~~~~~~^^
  File "C:\Users\andru\AppData\Roaming\Python\Python314\site-packages\vk_api\bot_longpoll.py", line 232, in update_longpoll_server
    response = self.vk.method('groups.getLongPollServer', values)
  File "C:\Users\andru\AppData\Roaming\Python\Python314\site-packages\vk_api\vk_api.py", line 897, in method
    response = self.http.post(
        f'https://api.vk.com/method/{method}',
        values,
        headers=None if with_cookies else {'Cookie': ''},
    )
  File "C:\Users\andru\AppData\Roaming\Python\Python314\site-packages\requests\sessions.py", line 712, in post
    return self.request("POST", url, data=data, json=json, **kwargs)
           ~~~~~~~~~~~~^^^^^^^^^^^^^^^^^^^^^^^^^^^^^^^^^^^^^^^^^^^^^
  File "C:\Users\andru\AppData\Roaming\Python\Python314\site-packages\requests\sessions.py", line 651, in request
    resp = self.send(prep, **send_kwargs)
  File "C:\Users\andru\AppData\Roaming\Python\Python314\site-packages\requests\sessions.py", line 784, in send
    r = adapter.send(request, **kwargs)
  File "C:\Users\andru\AppData\Roaming\Python\Python314\site-packages\requests\adapters.py", line 729, in send
    raise ConnectionError(e, request=request)
requests.exceptions.ConnectionError: HTTPSConnectionPool(host='api.vk.com', port=443): Max retries exceeded with url: /method/groups.getLongPollServer (Caused by NameResolutionError("HTTPSConnection(host='api.vk.com', port=443): Failed to resolve 'api.vk.com' ([Errno 11001] getaddrinfo failed)"))
2026-06-17 17:27:52,282 [ERROR] __main__: 💡 Если ошибка связана с 'getaddrinfo failed' или 'api.vk.com', проверьте настройки прокси в .env или запустите бота на VPS-сервере.
2026-06-17 17:27:58,381 [INFO] __main__: ✅ База данных подключена
2026-06-17 17:28:06,426 [ERROR] __main__: 💥 Критическая ошибка при запуске: HTTPSConnectionPool(host='api.vk.com', port=443): Max retries exceeded with url: /method/groups.getLongPollServer (Caused by NameResolutionError("HTTPSConnection(host='api.vk.com', port=443): Failed to resolve 'api.vk.com' ([Errno 11001] getaddrinfo failed)"))
Traceback (most recent call last):
  File "C:\Users\andru\AppData\Roaming\Python\Python314\site-packages\urllib3\connection.py", line 204, in _new_conn
    sock = connection.create_connection(
        (self._dns_host, self.port),
    ...<2 lines>...
        socket_options=self.socket_options,
    )
  File "C:\Users\andru\AppData\Roaming\Python\Python314\site-packages\urllib3\util\connection.py", line 60, in create_connection
    for res in socket.getaddrinfo(host, port, family, socket.SOCK_STREAM):
               ~~~~~~~~~~~~~~~~~~^^^^^^^^^^^^^^^^^^^^^^^^^^^^^^^^^^^^^^^^
  File "C:\Python314\Lib\socket.py", line 987, in getaddrinfo
    for res in _socket.getaddrinfo(host, port, family, type, proto, flags):
               ~~~~~~~~~~~~~~~~~~~^^^^^^^^^^^^^^^^^^^^^^^^^^^^^^^^^^^^^^^^
socket.gaierror: [Errno 11001] getaddrinfo failed

The above exception was the direct cause of the following exception:

Traceback (most recent call last):
  File "C:\Users\andru\AppData\Roaming\Python\Python314\site-packages\urllib3\connectionpool.py", line 788, in urlopen
    response = self._make_request(
        conn,
    ...<10 lines>...
        **response_kw,
    )
  File "C:\Users\andru\AppData\Roaming\Python\Python314\site-packages\urllib3\connectionpool.py", line 488, in _make_request
    raise new_e
  File "C:\Users\andru\AppData\Roaming\Python\Python314\site-packages\urllib3\connectionpool.py", line 464, in _make_request
    self._validate_conn(conn)
    ~~~~~~~~~~~~~~~~~~~^^^^^^
  File "C:\Users\andru\AppData\Roaming\Python\Python314\site-packages\urllib3\connectionpool.py", line 1106, in _validate_conn
    conn.connect()
    ~~~~~~~~~~~~^^
  File "C:\Users\andru\AppData\Roaming\Python\Python314\site-packages\urllib3\connection.py", line 759, in connect
    self.sock = sock = self._new_conn()
                       ~~~~~~~~~~~~~~^^
  File "C:\Users\andru\AppData\Roaming\Python\Python314\site-packages\urllib3\connection.py", line 211, in _new_conn
    raise NameResolutionError(self.host, self, e) from e
urllib3.exceptions.NameResolutionError: HTTPSConnection(host='api.vk.com', port=443): Failed to resolve 'api.vk.com' ([Errno 11001] getaddrinfo failed)

The above exception was the direct cause of the following exception:

Traceback (most recent call last):
  File "C:\Users\andru\AppData\Roaming\Python\Python314\site-packages\requests\adapters.py", line 696, in send
    resp = conn.urlopen(
        method=request.method,
    ...<9 lines>...
        chunked=chunked,
    )
  File "C:\Users\andru\AppData\Roaming\Python\Python314\site-packages\urllib3\connectionpool.py", line 842, in urlopen
    retries = retries.increment(
        method, url, error=new_e, _pool=self, _stacktrace=sys.exc_info()[2]
    )
  File "C:\Users\andru\AppData\Roaming\Python\Python314\site-packages\urllib3\util\retry.py", line 543, in increment
    raise MaxRetryError(_pool, url, reason) from reason  # type: ignore[arg-type]
    ^^^^^^^^^^^^^^^^^^^^^^^^^^^^^^^^^^^^^^^^^^^^^^^^^^^
urllib3.exceptions.MaxRetryError: HTTPSConnectionPool(host='api.vk.com', port=443): Max retries exceeded with url: /method/groups.getLongPollServer (Caused by NameResolutionError("HTTPSConnection(host='api.vk.com', port=443): Failed to resolve 'api.vk.com' ([Errno 11001] getaddrinfo failed)"))

During handling of the above exception, another exception occurred:

Traceback (most recent call last):
  File "C:\Code_Territory\Python_Code\bot_for_camp\main.py", line 45, in main
    bot = Bot(token=config.VK_BOT_TOKEN, group_id=config.VK_GROUP_ID)
  File "C:\Users\andru\AppData\Roaming\Python\Python314\site-packages\pyvkbot\Bot.py", line 42, in __init__
    self.longpoll = VkBotLongPoll(self.vk_session, group_id=group_id)
                    ~~~~~~~~~~~~~^^^^^^^^^^^^^^^^^^^^^^^^^^^^^^^^^^^^
  File "C:\Users\andru\AppData\Roaming\Python\Python314\site-packages\vk_api\bot_longpoll.py", line 219, in __init__
    self.update_longpoll_server()
    ~~~~~~~~~~~~~~~~~~~~~~~~~~~^^
  File "C:\Users\andru\AppData\Roaming\Python\Python314\site-packages\vk_api\bot_longpoll.py", line 232, in update_longpoll_server
    response = self.vk.method('groups.getLongPollServer', values)
  File "C:\Users\andru\AppData\Roaming\Python\Python314\site-packages\vk_api\vk_api.py", line 897, in method
    response = self.http.post(
        f'https://api.vk.com/method/{method}',
        values,
        headers=None if with_cookies else {'Cookie': ''},
    )
  File "C:\Users\andru\AppData\Roaming\Python\Python314\site-packages\requests\sessions.py", line 712, in post
    return self.request("POST", url, data=data, json=json, **kwargs)
           ~~~~~~~~~~~~^^^^^^^^^^^^^^^^^^^^^^^^^^^^^^^^^^^^^^^^^^^^^
  File "C:\Users\andru\AppData\Roaming\Python\Python314\site-packages\requests\sessions.py", line 651, in request
    resp = self.send(prep, **send_kwargs)
  File "C:\Users\andru\AppData\Roaming\Python\Python314\site-packages\requests\sessions.py", line 784, in send
    r = adapter.send(request, **kwargs)
  File "C:\Users\andru\AppData\Roaming\Python\Python314\site-packages\requests\adapters.py", line 729, in send
    raise ConnectionError(e, request=request)
requests.exceptions.ConnectionError: HTTPSConnectionPool(host='api.vk.com', port=443): Max retries exceeded with url: /method/groups.getLongPollServer (Caused by NameResolutionError("HTTPSConnection(host='api.vk.com', port=443): Failed to resolve 'api.vk.com' ([Errno 11001] getaddrinfo failed)"))
2026-06-17 17:28:06,446 [ERROR] __main__: 💡 Если ошибка связана с 'getaddrinfo failed' или 'api.vk.com', проверьте настройки прокси в .env или запустите бота на VPS-сервере.
2026-06-17 17:28:55,038 [INFO] __main__: ✅ База данных подключена
2026-06-17 17:29:02,032 [INFO] bot_logic: Admin sync complete
2026-06-17 17:29:02,034 [INFO] __main__: 🚀 Бот успешно запущен!
2026-06-17 17:46:02,242 [ERROR] __main__: 💥 Критическая ошибка при запуске: ('Connection aborted.', ConnectionResetError(10054, 'Удаленный хост принудительно разорвал существующее подключение', None, 10054, None))
Traceback (most recent call last):
  File "C:\Users\andru\AppData\Roaming\Python\Python314\site-packages\urllib3\connectionpool.py", line 788, in urlopen
    response = self._make_request(
        conn,
    ...<10 lines>...
        **response_kw,
    )
  File "C:\Users\andru\AppData\Roaming\Python\Python314\site-packages\urllib3\connectionpool.py", line 534, in _make_request
    response = conn.getresponse()
  File "C:\Users\andru\AppData\Roaming\Python\Python314\site-packages\urllib3\connection.py", line 571, in getresponse
    httplib_response = super().getresponse()
  File "C:\Python314\Lib\http\client.py", line 1459, in getresponse
    response.begin()
    ~~~~~~~~~~~~~~^^
  File "C:\Python314\Lib\http\client.py", line 336, in begin
    version, status, reason = self._read_status()
                              ~~~~~~~~~~~~~~~~~^^
  File "C:\Python314\Lib\http\client.py", line 297, in _read_status
    line = str(self.fp.readline(_MAXLINE + 1), "iso-8859-1")
               ~~~~~~~~~~~~~~~~^^^^^^^^^^^^^^
  File "C:\Python314\Lib\socket.py", line 729, in readinto
    return self._sock.recv_into(b)
           ~~~~~~~~~~~~~~~~~~~~^^^
  File "C:\Python314\Lib\ssl.py", line 1304, in recv_into
    return self.read(nbytes, buffer)
           ~~~~~~~~~^^^^^^^^^^^^^^^^
  File "C:\Python314\Lib\ssl.py", line 1138, in read
    return self._sslobj.read(len, buffer)
           ~~~~~~~~~~~~~~~~~^^^^^^^^^^^^^
ConnectionResetError: [WinError 10054] Удаленный хост принудительно разорвал существующее подключение

During handling of the above exception, another exception occurred:

Traceback (most recent call last):
  File "C:\Users\andru\AppData\Roaming\Python\Python314\site-packages\requests\adapters.py", line 696, in send
    resp = conn.urlopen(
        method=request.method,
    ...<9 lines>...
        chunked=chunked,
    )
  File "C:\Users\andru\AppData\Roaming\Python\Python314\site-packages\urllib3\connectionpool.py", line 842, in urlopen
    retries = retries.increment(
        method, url, error=new_e, _pool=self, _stacktrace=sys.exc_info()[2]
    )
  File "C:\Users\andru\AppData\Roaming\Python\Python314\site-packages\urllib3\util\retry.py", line 498, in increment
    raise reraise(type(error), error, _stacktrace)
          ~~~~~~~^^^^^^^^^^^^^^^^^^^^^^^^^^^^^^^^^
  File "C:\Users\andru\AppData\Roaming\Python\Python314\site-packages\urllib3\util\util.py", line 38, in reraise
    raise value.with_traceback(tb)
  File "C:\Users\andru\AppData\Roaming\Python\Python314\site-packages\urllib3\connectionpool.py", line 788, in urlopen
    response = self._make_request(
        conn,
    ...<10 lines>...
        **response_kw,
    )
  File "C:\Users\andru\AppData\Roaming\Python\Python314\site-packages\urllib3\connectionpool.py", line 534, in _make_request
    response = conn.getresponse()
  File "C:\Users\andru\AppData\Roaming\Python\Python314\site-packages\urllib3\connection.py", line 571, in getresponse
    httplib_response = super().getresponse()
  File "C:\Python314\Lib\http\client.py", line 1459, in getresponse
    response.begin()
    ~~~~~~~~~~~~~~^^
  File "C:\Python314\Lib\http\client.py", line 336, in begin
    version, status, reason = self._read_status()
                              ~~~~~~~~~~~~~~~~~^^
  File "C:\Python314\Lib\http\client.py", line 297, in _read_status
    line = str(self.fp.readline(_MAXLINE + 1), "iso-8859-1")
               ~~~~~~~~~~~~~~~~^^^^^^^^^^^^^^
  File "C:\Python314\Lib\socket.py", line 729, in readinto
    return self._sock.recv_into(b)
           ~~~~~~~~~~~~~~~~~~~~^^^
  File "C:\Python314\Lib\ssl.py", line 1304, in recv_into
    return self.read(nbytes, buffer)
           ~~~~~~~~~^^^^^^^^^^^^^^^^
  File "C:\Python314\Lib\ssl.py", line 1138, in read
    return self._sslobj.read(len, buffer)
           ~~~~~~~~~~~~~~~~~^^^^^^^^^^^^^
urllib3.exceptions.ProtocolError: ('Connection aborted.', ConnectionResetError(10054, 'Удаленный хост принудительно разорвал существующее подключение', None, 10054, None))

During handling of the above exception, another exception occurred:

Traceback (most recent call last):
  File "C:\Code_Territory\Python_Code\bot_for_camp\main.py", line 49, in main
    bot.start_polling()
    ~~~~~~~~~~~~~~~~~^^
  File "C:\Users\andru\AppData\Roaming\Python\Python314\site-packages\pyvkbot\Bot.py", line 286, in start_polling
    for event in self.longpoll.listen():
                 ~~~~~~~~~~~~~~~~~~~~^^
  File "C:\Users\andru\AppData\Roaming\Python\Python314\site-packages\vk_api\bot_longpoll.py", line 286, in listen
    yield from self.check()
               ~~~~~~~~~~^^
  File "C:\Users\andru\AppData\Roaming\Python\Python314\site-packages\vk_api\bot_longpoll.py", line 255, in check
    response = self.session.get(
               ~~~~~~~~~~~~~~~~^
        self.url,
        ^^^^^^^^^
        params=values,
        ^^^^^^^^^^^^^^
        timeout=self.wait + 10
        ^^^^^^^^^^^^^^^^^^^^^^
    ).json()
    ^
  File "C:\Users\andru\AppData\Roaming\Python\Python314\site-packages\requests\sessions.py", line 671, in get
    return self.request("GET", url, params=params, **kwargs)
           ~~~~~~~~~~~~^^^^^^^^^^^^^^^^^^^^^^^^^^^^^^^^^^^^^
  File "C:\Users\andru\AppData\Roaming\Python\Python314\site-packages\requests\sessions.py", line 651, in request
    resp = self.send(prep, **send_kwargs)
  File "C:\Users\andru\AppData\Roaming\Python\Python314\site-packages\requests\sessions.py", line 784, in send
    r = adapter.send(request, **kwargs)
  File "C:\Users\andru\AppData\Roaming\Python\Python314\site-packages\requests\adapters.py", line 711, in send
    raise ConnectionError(err, request=request)
requests.exceptions.ConnectionError: ('Connection aborted.', ConnectionResetError(10054, 'Удаленный хост принудительно разорвал существующее подключение', None, 10054, None))
2026-06-17 17:46:02,406 [ERROR] __main__: 💡 Если ошибка связана с 'getaddrinfo failed' или 'api.vk.com', проверьте настройки прокси в .env или запустите бота на VPS-сервере.
2026-06-17 17:59:55,345 [INFO] __main__: ✅ База данных подключена
2026-06-17 17:59:56,510 [INFO] bot_logic: Admin sync complete
2026-06-17 17:59:56,565 [INFO] __main__: 🚀 Бот успешно запущен!
2026-06-22 14:15:52,319 [INFO] __main__: ✅ База данных подключена
2026-06-22 14:15:53,953 [INFO] bot_logic: Admin sync complete
2026-06-22 14:15:53,955 [INFO] __main__: 🚀 Бот успешно запущен!
2026-06-22 14:24:31,355 [ERROR] __main__: 💥 Критическая ошибка при запуске: ('Connection aborted.', ConnectionResetError(10054, 'Удаленный хост принудительно разорвал существующее подключение', None, 10054, None))
Traceback (most recent call last):
  File "C:\Users\andru\AppData\Roaming\Python\Python314\site-packages\urllib3\connectionpool.py", line 788, in urlopen
    response = self._make_request(
        conn,
    ...<10 lines>...
        **response_kw,
    )
  File "C:\Users\andru\AppData\Roaming\Python\Python314\site-packages\urllib3\connectionpool.py", line 534, in _make_request
    response = conn.getresponse()
  File "C:\Users\andru\AppData\Roaming\Python\Python314\site-packages\urllib3\connection.py", line 571, in getresponse
    httplib_response = super().getresponse()
  File "C:\Python314\Lib\http\client.py", line 1459, in getresponse
    response.begin()
    ~~~~~~~~~~~~~~^^
  File "C:\Python314\Lib\http\client.py", line 336, in begin
    version, status, reason = self._read_status()
                              ~~~~~~~~~~~~~~~~~^^
  File "C:\Python314\Lib\http\client.py", line 297, in _read_status
    line = str(self.fp.readline(_MAXLINE + 1), "iso-8859-1")
               ~~~~~~~~~~~~~~~~^^^^^^^^^^^^^^
  File "C:\Python314\Lib\socket.py", line 729, in readinto
    return self._sock.recv_into(b)
           ~~~~~~~~~~~~~~~~~~~~^^^
  File "C:\Python314\Lib\ssl.py", line 1304, in recv_into
    return self.read(nbytes, buffer)
           ~~~~~~~~~^^^^^^^^^^^^^^^^
  File "C:\Python314\Lib\ssl.py", line 1138, in read
    return self._sslobj.read(len, buffer)
           ~~~~~~~~~~~~~~~~~^^^^^^^^^^^^^
ConnectionResetError: [WinError 10054] Удаленный хост принудительно разорвал существующее подключение

During handling of the above exception, another exception occurred:

Traceback (most recent call last):
  File "C:\Users\andru\AppData\Roaming\Python\Python314\site-packages\requests\adapters.py", line 696, in send
    resp = conn.urlopen(
        method=request.method,
    ...<9 lines>...
        chunked=chunked,
    )
  File "C:\Users\andru\AppData\Roaming\Python\Python314\site-packages\urllib3\connectionpool.py", line 842, in urlopen
    retries = retries.increment(
        method, url, error=new_e, _pool=self, _stacktrace=sys.exc_info()[2]
    )
  File "C:\Users\andru\AppData\Roaming\Python\Python314\site-packages\urllib3\util\retry.py", line 498, in increment
    raise reraise(type(error), error, _stacktrace)
          ~~~~~~~^^^^^^^^^^^^^^^^^^^^^^^^^^^^^^^^^
  File "C:\Users\andru\AppData\Roaming\Python\Python314\site-packages\urllib3\util\util.py", line 38, in reraise
    raise value.with_traceback(tb)
  File "C:\Users\andru\AppData\Roaming\Python\Python314\site-packages\urllib3\connectionpool.py", line 788, in urlopen
    response = self._make_request(
        conn,
    ...<10 lines>...
        **response_kw,
    )
  File "C:\Users\andru\AppData\Roaming\Python\Python314\site-packages\urllib3\connectionpool.py", line 534, in _make_request
    response = conn.getresponse()
  File "C:\Users\andru\AppData\Roaming\Python\Python314\site-packages\urllib3\connection.py", line 571, in getresponse
    httplib_response = super().getresponse()
  File "C:\Python314\Lib\http\client.py", line 1459, in getresponse
    response.begin()
    ~~~~~~~~~~~~~~^^
  File "C:\Python314\Lib\http\client.py", line 336, in begin
    version, status, reason = self._read_status()
                              ~~~~~~~~~~~~~~~~~^^
  File "C:\Python314\Lib\http\client.py", line 297, in _read_status
    line = str(self.fp.readline(_MAXLINE + 1), "iso-8859-1")
               ~~~~~~~~~~~~~~~~^^^^^^^^^^^^^^
  File "C:\Python314\Lib\socket.py", line 729, in readinto
    return self._sock.recv_into(b)
           ~~~~~~~~~~~~~~~~~~~~^^^
  File "C:\Python314\Lib\ssl.py", line 1304, in recv_into
    return self.read(nbytes, buffer)
           ~~~~~~~~~^^^^^^^^^^^^^^^^
  File "C:\Python314\Lib\ssl.py", line 1138, in read
    return self._sslobj.read(len, buffer)
           ~~~~~~~~~~~~~~~~~^^^^^^^^^^^^^
urllib3.exceptions.ProtocolError: ('Connection aborted.', ConnectionResetError(10054, 'Удаленный хост принудительно разорвал существующее подключение', None, 10054, None))

During handling of the above exception, another exception occurred:

Traceback (most recent call last):
  File "C:\Code_Territory\Python_Code\bot_for_camp\main.py", line 49, in main
    bot.start_polling()
    ~~~~~~~~~~~~~~~~~^^
  File "C:\Users\andru\AppData\Roaming\Python\Python314\site-packages\pyvkbot\Bot.py", line 286, in start_polling
    for event in self.longpoll.listen():
                 ~~~~~~~~~~~~~~~~~~~~^^
  File "C:\Users\andru\AppData\Roaming\Python\Python314\site-packages\vk_api\bot_longpoll.py", line 286, in listen
    yield from self.check()
               ~~~~~~~~~~^^
  File "C:\Users\andru\AppData\Roaming\Python\Python314\site-packages\vk_api\bot_longpoll.py", line 255, in check
    response = self.session.get(
               ~~~~~~~~~~~~~~~~^
        self.url,
        ^^^^^^^^^
        params=values,
        ^^^^^^^^^^^^^^
        timeout=self.wait + 10
        ^^^^^^^^^^^^^^^^^^^^^^
    ).json()
    ^
  File "C:\Users\andru\AppData\Roaming\Python\Python314\site-packages\requests\sessions.py", line 671, in get
    return self.request("GET", url, params=params, **kwargs)
           ~~~~~~~~~~~~^^^^^^^^^^^^^^^^^^^^^^^^^^^^^^^^^^^^^
  File "C:\Users\andru\AppData\Roaming\Python\Python314\site-packages\requests\sessions.py", line 651, in request
    resp = self.send(prep, **send_kwargs)
  File "C:\Users\andru\AppData\Roaming\Python\Python314\site-packages\requests\sessions.py", line 784, in send
    r = adapter.send(request, **kwargs)
  File "C:\Users\andru\AppData\Roaming\Python\Python314\site-packages\requests\adapters.py", line 711, in send
    raise ConnectionError(err, request=request)
requests.exceptions.ConnectionError: ('Connection aborted.', ConnectionResetError(10054, 'Удаленный хост принудительно разорвал существующее подключение', None, 10054, None))
2026-06-22 14:24:31,559 [ERROR] __main__: 💡 Если ошибка связана с 'getaddrinfo failed' или 'api.vk.com', проверьте настройки прокси в .env или запустите бота на VPS-сервере.
2026-06-22 14:24:45,955 [INFO] __main__: ✅ База данных подключена
2026-06-22 14:24:56,831 [INFO] bot_logic: Admin sync complete
2026-06-22 14:24:56,839 [INFO] __main__: 🚀 Бот успешно запущен!
2026-06-22 15:04:19,924 [INFO] __main__: ✅ База данных подключена
2026-06-22 15:04:20,876 [INFO] bot_logic: Admin sync complete
2026-06-22 15:04:20,878 [INFO] __main__: 🚀 Бот успешно запущен!
2026-06-22 15:13:13,772 [INFO] __main__: ✅ База данных подключена
2026-06-22 15:13:15,193 [INFO] bot_logic: Admin sync complete
2026-06-22 15:13:15,195 [INFO] __main__: 🚀 Бот успешно запущен!
2026-06-22 15:13:19,857 [ERROR] bot_logic: Callback error: 'DatabaseManager' object has no attribute 'get_participant'
Traceback (most recent call last):
  File "C:\Code_Territory\Python_Code\bot_for_camp\bot_logic.py", line 575, in handle_callback
    participant = self.db.get_participant(a.get('participant_id'))
                  ^^^^^^^^^^^^^^^^^^^^^^^
AttributeError: 'DatabaseManager' object has no attribute 'get_participant'. Did you mean: 'get_all_participants'?
2026-06-22 15:13:33,554 [ERROR] bot_logic: Callback error: cannot access local variable 'json' where it is not associated with a value
Traceback (most recent call last):
  File "C:\Code_Territory\Python_Code\bot_for_camp\bot_logic.py", line 624, in handle_callback
    kb.add_button("Создать", color="primary", payload=json.dumps({"cmd": "create_event"}))
                                                      ^^^^
UnboundLocalError: cannot access local variable 'json' where it is not associated with a value
2026-06-22 15:18:31,453 [INFO] __main__: ✅ База данных подключена
2026-06-22 15:18:32,239 [INFO] bot_logic: Admin sync complete
2026-06-22 15:18:32,240 [INFO] __main__: 🚀 Бот успешно запущен!
2026-06-22 15:22:23,419 [INFO] __main__: ✅ База данных подключена
2026-06-22 15:22:24,079 [INFO] bot_logic: Admin sync complete
2026-06-22 15:22:24,082 [INFO] __main__: 🚀 Бот успешно запущен!
